{"total": {"lines":{"total":1159,"covered":845,"skipped":0,"pct":72.9},"statements":{"total":1231,"covered":900,"skipped":0,"pct":73.11},"functions":{"total":262,"covered":188,"skipped":0,"pct":71.75},"branches":{"total":1503,"covered":902,"skipped":0,"pct":60.01},"branchesTrue":{"total":0,"covered":0,"skipped":0,"pct":100}}
,"/mnt/ext2/code/prompts/github/forks/givtcp-power-flow-card/src/const.ts": {"lines":{"total":54,"covered":54,"skipped":0,"pct":100},"functions":{"total":0,"covered":0,"skipped":0,"pct":100},"statements":{"total":54,"covered":54,"skipped":0,"pct":100},"branches":{"total":0,"covered":0,"skipped":0,"pct":100}}
,"/mnt/ext2/code/prompts/github/forks/givtcp-power-flow-card/src/details.ts": {"lines":{"total":16,"covered":8,"skipped":0,"pct":50},"functions":{"total":6,"covered":2,"skipped":0,"pct":33.33},"statements":{"total":18,"covered":10,"skipped":0,"pct":55.55},"branches":{"total":41,"covered":2,"skipped":0,"pct":4.87}}
,"/mnt/ext2/code/prompts/github/forks/givtcp-power-flow-card/src/editor.ts": {"lines":{"total":87,"covered":13,"skipped":0,"pct":14.94},"functions":{"total":31,"covered":0,"skipped":0,"pct":0},"statements":{"total":91,"covered":14,"skipped":0,"pct":15.38},"branches":{"total":129,"covered":0,"skipped":0,"pct":0}}
,"/mnt/ext2/code/prompts/github/forks/givtcp-power-flow-card/src/entity.ts": {"lines":{"total":30,"covered":30,"skipped":0,"pct":100},"functions":{"total":9,"covered":9,"skipped":0,"pct":100},"statements":{"total":33,"covered":33,"skipped":0,"pct":100},"branches":{"total":26,"covered":23,"skipped":0,"pct":88.46}}
,"/mnt/ext2/code/prompts/github/forks/givtcp-power-flow-card/src/givtcp-power-flow-card.ts": {"lines":{"total":491,"covered":363,"skipped":0,"pct":73.93},"functions":{"total":113,"covered":91,"skipped":0,"pct":80.53},"statements":{"total":515,"covered":375,"skipped":0,"pct":72.81},"branches":{"total":931,"covered":604,"skipped":0,"pct":64.87}}
,"/mnt/ext2/code/prompts/github/forks/givtcp-power-flow-card/src/schemas.ts": {"lines":{"total":59,"covered":59,"skipped":0,"pct":100},"functions":{"total":16,"covered":15,"skipped":0,"pct":93.75},"statements":{"total":77,"covered":76,"skipped":0,"pct":98.7},"branches":{"total":36,"covered":35,"skipped":0,"pct":97.22}}
,"/mnt/ext2/code/prompts/github/forks/givtcp-power-flow-card/src/types.ts": {"lines":{"total":27,"covered":27,"skipped":0,"pct":100},"functions":{"total":6,"covered":6,"skipped":0,"pct":100},"statements":{"total":27,"covered":27,"skipped":0,"pct":100},"branches":{"total":12,"covered":12,"skipped":0,"pct":100}}
,"/mnt/ext2/code/prompts/github/forks/givtcp-power-flow-card/src/layout/layout-circle.ts": {"lines":{"total":147,"covered":125,"skipped":0,"pct":85.03},"functions":{"total":33,"covered":30,"skipped":0,"pct":90.9},"statements":{"total":154,"covered":131,"skipped":0,"pct":85.06},"branches":{"total":128,"covered":99,"skipped":0,"pct":77.34}}
,"/mnt/ext2/code/prompts/github/forks/givtcp-power-flow-card/src/layout/layout-cross.ts": {"lines":{"total":31,"covered":7,"skipped":0,"pct":22.58},"functions":{"total":6,"covered":0,"skipped":0,"pct":0},"statements":{"total":33,"covered":9,"skipped":0,"pct":27.27},"branches":{"total":22,"covered":0,"skipped":0,"pct":0}}
,"/mnt/ext2/code/prompts/github/forks/givtcp-power-flow-card/src/layout/layout-list.ts": {"lines":{"total":26,"covered":26,"skipped":0,"pct":100},"functions":{"total":12,"covered":12,"skipped":0,"pct":100},"statements":{"total":31,"covered":31,"skipped":0,"pct":100},"branches":{"total":41,"covered":40,"skipped":0,"pct":97.56}}
,"/mnt/ext2/code/prompts/github/forks/givtcp-power-flow-card/src/layout/layout-square.ts": {"lines":{"total":66,"covered":8,"skipped":0,"pct":12.12},"functions":{"total":7,"covered":0,"skipped":0,"pct":0},"statements":{"total":68,"covered":10,"skipped":0,"pct":14.7},"branches":{"total":50,"covered":0,"skipped":0,"pct":0}}
,"/mnt/ext2/code/prompts/github/forks/givtcp-power-flow-card/src/layout/layout.ts": {"lines":{"total":33,"covered":33,"skipped":0,"pct":100},"functions":{"total":13,"covered":13,"skipped":0,"pct":100},"statements":{"total":34,"covered":34,"skipped":0,"pct":100},"branches":{"total":32,"covered":32,"skipped":0,"pct":100}}
,"/mnt/ext2/code/prompts/github/forks/givtcp-power-flow-card/src/utils/config-utils.ts": {"lines":{"total":12,"covered":12,"skipped":0,"pct":100},"functions":{"total":2,"covered":2,"skipped":0,"pct":100},"statements":{"total":12,"covered":12,"skipped":0,"pct":100},"branches":{"total":18,"covered":18,"skipped":0,"pct":100}}
,"/mnt/ext2/code/prompts/github/forks/givtcp-power-flow-card/src/utils/power-utils.ts": {"lines":{"total":5,"covered":5,"skipped":0,"pct":100},"functions":{"total":1,"covered":1,"skipped":0,"pct":100},"statements":{"total":8,"covered":8,"skipped":0,"pct":100},"branches":{"total":4,"covered":4,"skipped":0,"pct":100}}
,"/mnt/ext2/code/prompts/github/forks/givtcp-power-flow-card/src/utils/svg-utils.ts": {"lines":{"total":75,"covered":75,"skipped":0,"pct":100},"functions":{"total":7,"covered":7,"skipped":0,"pct":100},"statements":{"total":76,"covered":76,"skipped":0,"pct":100},"branches":{"total":33,"covered":33,"skipped":0,"pct":100}}
}
